<?xml version="1.0" encoding="UTF-8"?>
<!-- Generated by org.testng.reporters.JUnitReportReporter -->
<testsuite skipped="0" hostname="NBC0PC0D01JIT" name="TestCases.testcase" tests="1" failures="0" timestamp="25 Aug 2019 05:37:43 GMT" time="9.918" errors="0">
  <testcase name="donationBNITrf" time="9.918" classname="TestCases.testcase"/>
</testsuite> <!-- TestCases.testcase -->
