<?xml version="1.0" encoding="UTF-8"?>
<!-- Generated by org.testng.reporters.JUnitReportReporter -->
<testsuite skipped="0" hostname="NBC0PC0D01JIT" name="TestCases.testcase" tests="1" failures="0" timestamp="25 Aug 2019 07:02:37 GMT" time="11.379" errors="0">
  <testcase name="donationBNISTrf" time="11.379" classname="TestCases.testcase"/>
</testsuite> <!-- TestCases.testcase -->
